
> waickoff_mcp@1.3.5 build
> tsc

src/core/engine.ts(73,1): error TS1068: Unexpected token. A constructor, method, accessor, or property was expected.
src/core/engine.ts(93,3): error TS1434: Unexpected keyword or identifier.
src/core/engine.ts(94,11): error TS1005: ',' expected.
src/core/engine.ts(95,13): error TS1005: ',' expected.
src/core/engine.ts(96,4): error TS1005: ';' expected.
src/core/engine.ts(97,25): error TS1005: ',' expected.
src/core/engine.ts(98,25): error TS1005: ',' expected.
src/core/engine.ts(99,25): error TS1011: An element access expression should take an argument.
src/core/engine.ts(99,26): error TS1005: ',' expected.
src/core/engine.ts(101,12): error TS1005: ':' expected.
src/core/engine.ts(121,7): error TS1005: ',' expected.
src/core/engine.ts(127,3): error TS1434: Unexpected keyword or identifier.
src/core/engine.ts(128,11): error TS1005: ',' expected.
src/core/engine.ts(129,12): error TS1005: ',' expected.
src/core/engine.ts(130,34): error TS1005: ',' expected.
src/core/engine.ts(131,30): error TS1005: ',' expected.
src/core/engine.ts(132,35): error TS1005: ',' expected.
src/core/engine.ts(133,41): error TS1005: ',' expected.
src/core/engine.ts(134,25): error TS1005: ',' expected.
src/core/engine.ts(135,23): error TS1005: ',' expected.
src/core/engine.ts(137,4): error TS1005: ';' expected.
src/core/engine.ts(138,36): error TS1005: ',' expected.
src/core/engine.ts(139,28): error TS1005: ',' expected.
src/core/engine.ts(140,30): error TS1005: ',' expected.
src/core/engine.ts(141,50): error TS1005: ',' expected.
src/core/engine.ts(143,12): error TS1005: ':' expected.
src/core/engine.ts(196,7): error TS1005: ',' expected.
src/core/engine.ts(202,3): error TS1434: Unexpected keyword or identifier.
src/core/engine.ts(203,11): error TS1005: ',' expected.
src/core/engine.ts(204,15): error TS1005: ',' expected.
src/core/engine.ts(205,12): error TS1005: ',' expected.
src/core/engine.ts(206,25): error TS1005: ',' expected.
src/core/engine.ts(207,36): error TS1005: ',' expected.
src/core/engine.ts(208,48): error TS1005: ',' expected.
src/core/engine.ts(209,25): error TS1005: ',' expected.
src/core/engine.ts(211,4): error TS1005: ';' expected.
src/core/engine.ts(212,12): error TS1005: ':' expected.
src/core/engine.ts(249,7): error TS1005: ',' expected.
src/core/engine.ts(255,3): error TS1434: Unexpected keyword or identifier.
src/core/engine.ts(256,11): error TS1005: ',' expected.
src/core/engine.ts(257,16): error TS1109: Expression expected.
src/core/engine.ts(258,4): error TS1005: ';' expected.
src/core/engine.ts(259,20): error TS1005: ',' expected.
src/core/engine.ts(260,27): error TS1005: ',' expected.
src/core/engine.ts(261,36): error TS1005: ',' expected.
src/core/engine.ts(263,55): error TS1005: ',' expected.
src/core/engine.ts(264,25): error TS1005: ',' expected.
src/core/engine.ts(265,25): error TS1011: An element access expression should take an argument.
src/core/engine.ts(265,26): error TS1005: ',' expected.
src/core/engine.ts(266,43): error TS1005: ',' expected.
src/core/engine.ts(267,6): error TS1005: ',' expected.
src/core/engine.ts(269,12): error TS1005: ':' expected.
src/core/engine.ts(319,7): error TS1005: ',' expected.
src/core/engine.ts(329,3): error TS1128: Declaration or statement expected.
src/core/engine.ts(330,15): error TS1005: ',' expected.
src/core/engine.ts(331,22): error TS1005: ',' expected.
src/core/engine.ts(332,20): error TS1109: Expression expected.
src/core/engine.ts(333,4): error TS1005: ';' expected.
src/core/engine.ts(336,23): error TS1011: An element access expression should take an argument.
src/core/engine.ts(481,3): error TS1434: Unexpected keyword or identifier.
src/core/engine.ts(481,26): error TS1005: ';' expected.
src/core/engine.ts(482,49): error TS1005: ',' expected.
src/core/engine.ts(483,38): error TS1005: ',' expected.
src/core/engine.ts(484,19): error TS1005: ',' expected.
src/core/engine.ts(485,20): error TS1005: ',' expected.
src/core/engine.ts(487,9): error TS1005: ':' expected.
src/core/engine.ts(488,13): error TS1005: ':' expected.
src/core/engine.ts(490,9): error TS1005: ',' expected.
src/core/engine.ts(492,13): error TS1005: ':' expected.
src/core/engine.ts(496,8): error TS1005: ',' expected.
src/core/engine.ts(498,13): error TS1005: ':' expected.
src/core/engine.ts(498,73): error TS1005: ',' expected.
src/core/engine.ts(499,13): error TS1005: ':' expected.
src/core/engine.ts(499,57): error TS1005: ',' expected.
src/core/engine.ts(501,14): error TS1005: ':' expected.
src/core/engine.ts(506,8): error TS1005: ',' expected.
src/core/engine.ts(508,7): error TS1005: ',' expected.
src/core/engine.ts(526,26): error TS1005: ';' expected.
src/core/engine.ts(527,32): error TS1011: An element access expression should take an argument.
src/core/engine.ts(528,36): error TS1011: An element access expression should take an argument.
src/core/engine.ts(529,34): error TS1011: An element access expression should take an argument.
src/core/engine.ts(530,33): error TS1011: An element access expression should take an argument.
src/core/engine.ts(543,25): error TS1005: ',' expected.
src/core/engine.ts(543,49): error TS1005: ';' expected.
src/core/engine.ts(544,9): error TS1005: ':' expected.
src/core/engine.ts(544,46): error TS1005: ',' expected.
src/core/engine.ts(545,9): error TS1005: ':' expected.
src/core/engine.ts(545,53): error TS1005: ',' expected.
src/core/engine.ts(551,14): error TS1005: ';' expected.
src/core/engine.ts(551,16): error TS1434: Unexpected keyword or identifier.
src/core/engine.ts(563,3): error TS1128: Declaration or statement expected.
src/core/engine.ts(563,11): error TS1434: Unexpected keyword or identifier.
src/core/engine.ts(564,11): error TS1005: ',' expected.
src/core/engine.ts(565,17): error TS1005: ',' expected.
src/core/engine.ts(566,9): error TS1005: ',' expected.
src/core/engine.ts(567,4): error TS1005: ';' expected.
src/core/engine.ts(567,18): error TS1109: Expression expected.
src/core/engine.ts(568,9): error TS1005: ':' expected.
src/core/engine.ts(569,11): error TS1005: ':' expected.
src/core/engine.ts(569,77): error TS1005: ',' expected.
src/core/engine.ts(572,13): error TS1005: ':' expected.
src/core/engine.ts(572,71): error TS1005: ',' expected.
src/core/engine.ts(573,13): error TS1005: ':' expected.
src/core/engine.ts(573,78): error TS1005: ',' expected.
src/core/engine.ts(576,13): error TS1005: ':' expected.
src/core/engine.ts(576,27): error TS1005: ',' expected.
src/core/engine.ts(587,8): error TS1005: ',' expected.
src/core/engine.ts(590,13): error TS1005: ',' expected.
src/core/engine.ts(590,17): error TS1005: ':' expected.
src/core/engine.ts(590,63): error TS1005: ',' expected.
src/core/engine.ts(592,11): error TS1005: ':' expected.
src/core/engine.ts(592,52): error TS1005: ',' expected.
src/core/engine.ts(594,7): error TS1005: ',' expected.
src/core/engine.ts(603,3): error TS1434: Unexpected keyword or identifier.
src/core/engine.ts(604,11): error TS1005: ',' expected.
src/core/engine.ts(605,10): error TS1005: ',' expected.
src/core/engine.ts(606,18): error TS1109: Expression expected.
src/core/engine.ts(607,4): error TS1005: ';' expected.
src/core/engine.ts(607,30): error TS1011: An element access expression should take an argument.
src/core/engine.ts(608,12): error TS1005: ':' expected.
src/core/engine.ts(654,7): error TS1005: ',' expected.
src/core/engine.ts(661,3): error TS1128: Declaration or statement expected.
src/core/engine.ts(661,34): error TS1109: Expression expected.
src/core/engine.ts(661,58): error TS1005: ';' expected.
src/core/engine.ts(661,60): error TS1434: Unexpected keyword or identifier.
src/core/engine.ts(692,3): error TS1128: Declaration or statement expected.
src/core/engine.ts(692,40): error TS1005: ',' expected.
src/core/engine.ts(692,44): error TS1005: ';' expected.
src/core/engine.ts(693,12): error TS1005: ':' expected.
src/core/engine.ts(697,6): error TS1005: ',' expected.
src/core/engine.ts(700,3): error TS1128: Declaration or statement expected.
src/core/engine.ts(700,39): error TS1005: ',' expected.
src/core/engine.ts(700,48): error TS1005: ';' expected.
src/core/engine.ts(701,12): error TS1005: ':' expected.
src/core/engine.ts(705,6): error TS1005: ',' expected.
src/core/engine.ts(707,1): error TS1128: Declaration or statement expected.
